0 info it worked if it ends with ok
1 verbose cli [ '/usr/bin/nodejs', '/usr/bin/npm', 'i', '--save', 'express' ]
2 info using npm@3.5.2
3 info using node@v4.2.6
4 silly loadCurrentTree Starting
5 silly install loadCurrentTree
6 silly install readLocalPackageData
7 silly fetchPackageMetaData express@4.15.2
8 silly fetchNamedPackageData express
9 silly mapToRegistry name express
10 silly mapToRegistry using default registry
11 silly mapToRegistry registry https://registry.npmjs.org/
12 silly mapToRegistry uri https://registry.npmjs.org/express
13 verbose request uri https://registry.npmjs.org/express
14 verbose request no auth needed
15 info attempt registry request try #1 at 6:20:20 a. m.
16 verbose request id 06cad616fac34f0e
17 verbose etag W/"58efec03-8bbf3"
18 verbose lastModified Thu, 13 Apr 2017 21:22:11 GMT
19 http request GET https://registry.npmjs.org/express
20 http 304 https://registry.npmjs.org/express
21 verbose headers { date: 'Fri, 14 Apr 2017 09:20:21 GMT',
21 verbose headers   via: '1.1 varnish',
21 verbose headers   'cache-control': 'max-age=300',
21 verbose headers   etag: 'W/"58efec03-8bbf3"',
21 verbose headers   age: '243',
21 verbose headers   connection: 'keep-alive',
21 verbose headers   'x-served-by': 'cache-lax8646-LAX',
21 verbose headers   'x-cache': 'HIT',
21 verbose headers   'x-cache-hits': '2',
21 verbose headers   'x-timer': 'S1492161621.099469,VS0,VE0',
21 verbose headers   vary: 'Accept-Encoding' }
22 silly get cb [ 304,
22 silly get   { date: 'Fri, 14 Apr 2017 09:20:21 GMT',
22 silly get     via: '1.1 varnish',
22 silly get     'cache-control': 'max-age=300',
22 silly get     etag: 'W/"58efec03-8bbf3"',
22 silly get     age: '243',
22 silly get     connection: 'keep-alive',
22 silly get     'x-served-by': 'cache-lax8646-LAX',
22 silly get     'x-cache': 'HIT',
22 silly get     'x-cache-hits': '2',
22 silly get     'x-timer': 'S1492161621.099469,VS0,VE0',
22 silly get     vary: 'Accept-Encoding' } ]
23 verbose etag https://registry.npmjs.org/express from cache
24 verbose get saving express to /home/sg/.npm/registry.npmjs.org/express/.cache.json
25 silly install normalizeTree
26 silly loadCurrentTree Finishing
27 silly loadIdealTree Starting
28 silly install loadIdealTree
29 silly cloneCurrentTree Starting
30 silly install cloneCurrentTreeToIdealTree
31 silly cloneCurrentTree Finishing
32 silly loadShrinkwrap Starting
33 silly install loadShrinkwrap
34 silly loadShrinkwrap Finishing
35 silly loadAllDepsIntoIdealTree Starting
36 silly install loadAllDepsIntoIdealTree
37 silly resolveWithNewModule express@4.15.2 checking installable status
38 silly cache add args [ 'express@4.15.2', null ]
39 verbose cache add spec express@4.15.2
40 silly cache add parsed spec Result {
40 silly cache add   raw: 'express@4.15.2',
40 silly cache add   scope: null,
40 silly cache add   name: 'express',
40 silly cache add   rawSpec: '4.15.2',
40 silly cache add   spec: '4.15.2',
40 silly cache add   type: 'version' }
41 silly addNamed express@4.15.2
42 verbose addNamed "4.15.2" is a plain semver version for express
43 silly mapToRegistry name express
44 silly mapToRegistry using default registry
45 silly mapToRegistry registry https://registry.npmjs.org/
46 silly mapToRegistry uri https://registry.npmjs.org/express
47 verbose addNameVersion registry:https://registry.npmjs.org/express not in flight; fetching
48 verbose get https://registry.npmjs.org/express not expired, no request
49 silly cache afterAdd express@4.15.2
50 verbose afterAdd /home/sg/.npm/express/4.15.2/package/package.json not in flight; writing
51 verbose afterAdd /home/sg/.npm/express/4.15.2/package/package.json written
52 silly fetchNamedPackageData send
53 silly mapToRegistry name send
54 silly mapToRegistry using default registry
55 silly mapToRegistry registry https://registry.npmjs.org/
56 silly mapToRegistry uri https://registry.npmjs.org/send
57 verbose request uri https://registry.npmjs.org/send
58 verbose request no auth needed
59 info attempt registry request try #1 at 6:20:21 a. m.
60 verbose etag W/"58bb81ae-13d5c"
61 verbose lastModified Sun, 05 Mar 2017 03:10:38 GMT
62 http request GET https://registry.npmjs.org/send
63 http 304 https://registry.npmjs.org/send
64 verbose headers { date: 'Fri, 14 Apr 2017 09:20:21 GMT',
64 verbose headers   via: '1.1 varnish',
64 verbose headers   'cache-control': 'max-age=300',
64 verbose headers   etag: 'W/"58bb81ae-13d5c"',
64 verbose headers   age: '233',
64 verbose headers   connection: 'keep-alive',
64 verbose headers   'x-served-by': 'cache-atl6239-ATL',
64 verbose headers   'x-cache': 'HIT',
64 verbose headers   'x-cache-hits': '2',
64 verbose headers   'x-timer': 'S1492161622.821121,VS0,VE0',
64 verbose headers   vary: 'Accept-Encoding' }
65 silly get cb [ 304,
65 silly get   { date: 'Fri, 14 Apr 2017 09:20:21 GMT',
65 silly get     via: '1.1 varnish',
65 silly get     'cache-control': 'max-age=300',
65 silly get     etag: 'W/"58bb81ae-13d5c"',
65 silly get     age: '233',
65 silly get     connection: 'keep-alive',
65 silly get     'x-served-by': 'cache-atl6239-ATL',
65 silly get     'x-cache': 'HIT',
65 silly get     'x-cache-hits': '2',
65 silly get     'x-timer': 'S1492161622.821121,VS0,VE0',
65 silly get     vary: 'Accept-Encoding' } ]
66 verbose etag https://registry.npmjs.org/send from cache
67 verbose get saving send to /home/sg/.npm/registry.npmjs.org/send/.cache.json
68 silly resolveWithNewModule send@0.15.1 checking installable status
69 silly cache add args [ 'send@0.15.1', null ]
70 verbose cache add spec send@0.15.1
71 silly cache add parsed spec Result {
71 silly cache add   raw: 'send@0.15.1',
71 silly cache add   scope: null,
71 silly cache add   name: 'send',
71 silly cache add   rawSpec: '0.15.1',
71 silly cache add   spec: '0.15.1',
71 silly cache add   type: 'version' }
72 silly addNamed send@0.15.1
73 verbose addNamed "0.15.1" is a plain semver version for send
74 silly mapToRegistry name send
75 silly mapToRegistry using default registry
76 silly mapToRegistry registry https://registry.npmjs.org/
77 silly mapToRegistry uri https://registry.npmjs.org/send
78 verbose addNameVersion registry:https://registry.npmjs.org/send not in flight; fetching
79 verbose get https://registry.npmjs.org/send not expired, no request
80 silly cache afterAdd send@0.15.1
81 verbose afterAdd /home/sg/.npm/send/0.15.1/package/package.json not in flight; writing
82 verbose afterAdd /home/sg/.npm/send/0.15.1/package/package.json written
83 silly fetchNamedPackageData mime
84 silly mapToRegistry name mime
85 silly mapToRegistry using default registry
86 silly mapToRegistry registry https://registry.npmjs.org/
87 silly mapToRegistry uri https://registry.npmjs.org/mime
88 verbose request uri https://registry.npmjs.org/mime
89 verbose request no auth needed
90 info attempt registry request try #1 at 6:20:21 a. m.
91 verbose etag W/"58e510e2-5120"
92 verbose lastModified Wed, 05 Apr 2017 15:44:34 GMT
93 http request GET https://registry.npmjs.org/mime
94 http 304 https://registry.npmjs.org/mime
95 verbose headers { date: 'Fri, 14 Apr 2017 09:20:22 GMT',
95 verbose headers   via: '1.1 varnish',
95 verbose headers   'cache-control': 'max-age=300',
95 verbose headers   etag: 'W/"58e510e2-5120"',
95 verbose headers   age: '260',
95 verbose headers   connection: 'keep-alive',
95 verbose headers   'x-served-by': 'cache-atl6240-ATL',
95 verbose headers   'x-cache': 'HIT',
95 verbose headers   'x-cache-hits': '2',
95 verbose headers   'x-timer': 'S1492161622.404126,VS0,VE0',
95 verbose headers   vary: 'Accept-Encoding' }
96 silly get cb [ 304,
96 silly get   { date: 'Fri, 14 Apr 2017 09:20:22 GMT',
96 silly get     via: '1.1 varnish',
96 silly get     'cache-control': 'max-age=300',
96 silly get     etag: 'W/"58e510e2-5120"',
96 silly get     age: '260',
96 silly get     connection: 'keep-alive',
96 silly get     'x-served-by': 'cache-atl6240-ATL',
96 silly get     'x-cache': 'HIT',
96 silly get     'x-cache-hits': '2',
96 silly get     'x-timer': 'S1492161622.404126,VS0,VE0',
96 silly get     vary: 'Accept-Encoding' } ]
97 verbose etag https://registry.npmjs.org/mime from cache
98 verbose get saving mime to /home/sg/.npm/registry.npmjs.org/mime/.cache.json
99 silly resolveWithNewModule mime@1.3.4 checking installable status
100 silly cache add args [ 'mime@1.3.4', null ]
101 verbose cache add spec mime@1.3.4
102 silly cache add parsed spec Result {
102 silly cache add   raw: 'mime@1.3.4',
102 silly cache add   scope: null,
102 silly cache add   name: 'mime',
102 silly cache add   rawSpec: '1.3.4',
102 silly cache add   spec: '1.3.4',
102 silly cache add   type: 'version' }
103 silly addNamed mime@1.3.4
104 verbose addNamed "1.3.4" is a plain semver version for mime
105 silly mapToRegistry name mime
106 silly mapToRegistry using default registry
107 silly mapToRegistry registry https://registry.npmjs.org/
108 silly mapToRegistry uri https://registry.npmjs.org/mime
109 verbose addNameVersion registry:https://registry.npmjs.org/mime not in flight; fetching
110 verbose get https://registry.npmjs.org/mime not expired, no request
111 silly cache afterAdd mime@1.3.4
112 verbose afterAdd /home/sg/.npm/mime/1.3.4/package/package.json not in flight; writing
113 verbose afterAdd /home/sg/.npm/mime/1.3.4/package/package.json written
114 silly loadAllDepsIntoIdealTree Finishing
115 silly idealTree:prePrune node-js-getting-started@0.2.6
115 silly idealTree:prePrune ├── accepts@1.3.3
115 silly idealTree:prePrune ├── array-flatten@1.1.1
115 silly idealTree:prePrune ├── content-disposition@0.5.2
115 silly idealTree:prePrune ├── content-type@1.0.2
115 silly idealTree:prePrune ├── cookie-signature@1.0.6
115 silly idealTree:prePrune ├── cookie@0.3.1
115 silly idealTree:prePrune ├── debug@2.6.1
115 silly idealTree:prePrune ├── depd@1.1.0
115 silly idealTree:prePrune ├── destroy@1.0.4
115 silly idealTree:prePrune ├── ee-first@1.1.1
115 silly idealTree:prePrune ├── encodeurl@1.0.1
115 silly idealTree:prePrune ├── escape-html@1.0.3
115 silly idealTree:prePrune ├── etag@1.8.0
115 silly idealTree:prePrune ├── express@4.15.2
115 silly idealTree:prePrune ├─┬ finalhandler@1.0.1
115 silly idealTree:prePrune │ └── debug@2.6.3
115 silly idealTree:prePrune ├── forwarded@0.1.0
115 silly idealTree:prePrune ├── fresh@0.5.0
115 silly idealTree:prePrune ├── http-errors@1.6.1
115 silly idealTree:prePrune ├── inherits@2.0.3
115 silly idealTree:prePrune ├── ipaddr.js@1.3.0
115 silly idealTree:prePrune ├── media-typer@0.3.0
115 silly idealTree:prePrune ├── merge-descriptors@1.0.1
115 silly idealTree:prePrune ├── methods@1.1.2
115 silly idealTree:prePrune ├── mime-db@1.27.0
115 silly idealTree:prePrune ├── mime-types@2.1.15
115 silly idealTree:prePrune ├── mime@1.3.4
115 silly idealTree:prePrune ├── ms@0.7.2
115 silly idealTree:prePrune ├── negotiator@0.6.1
115 silly idealTree:prePrune ├── on-finished@2.3.0
115 silly idealTree:prePrune ├── parseurl@1.3.1
115 silly idealTree:prePrune ├── path-to-regexp@0.1.7
115 silly idealTree:prePrune ├── proxy-addr@1.1.4
115 silly idealTree:prePrune ├── qs@6.4.0
115 silly idealTree:prePrune ├── range-parser@1.2.0
115 silly idealTree:prePrune ├── send@0.15.1
115 silly idealTree:prePrune ├── serve-static@1.12.1
115 silly idealTree:prePrune ├── setprototypeof@1.0.3
115 silly idealTree:prePrune ├── statuses@1.3.1
115 silly idealTree:prePrune ├── type-is@1.6.15
115 silly idealTree:prePrune ├── unpipe@1.0.0
115 silly idealTree:prePrune ├── utils-merge@1.0.0
115 silly idealTree:prePrune └── vary@1.1.1
116 silly loadIdealTree Finishing
117 silly currentTree node-js-getting-started@0.2.6
117 silly currentTree ├── accepts@1.3.3
117 silly currentTree ├── array-flatten@1.1.1
117 silly currentTree ├── content-disposition@0.5.2
117 silly currentTree ├── content-type@1.0.2
117 silly currentTree ├── cookie-signature@1.0.6
117 silly currentTree ├── cookie@0.3.1
117 silly currentTree ├── debug@2.6.1
117 silly currentTree ├── depd@1.1.0
117 silly currentTree ├── destroy@1.0.4
117 silly currentTree ├── ee-first@1.1.1
117 silly currentTree ├── encodeurl@1.0.1
117 silly currentTree ├── escape-html@1.0.3
117 silly currentTree ├── etag@1.8.0
117 silly currentTree ├─┬ finalhandler@1.0.1
117 silly currentTree │ └── debug@2.6.3
117 silly currentTree ├── forwarded@0.1.0
117 silly currentTree ├── fresh@0.5.0
117 silly currentTree ├── http-errors@1.6.1
117 silly currentTree ├── inherits@2.0.3
117 silly currentTree ├── ipaddr.js@1.3.0
117 silly currentTree ├── media-typer@0.3.0
117 silly currentTree ├── merge-descriptors@1.0.1
117 silly currentTree ├── methods@1.1.2
117 silly currentTree ├── mime-db@1.27.0
117 silly currentTree ├── mime-types@2.1.15
117 silly currentTree ├── ms@0.7.2
117 silly currentTree ├── negotiator@0.6.1
117 silly currentTree ├── on-finished@2.3.0
117 silly currentTree ├── parseurl@1.3.1
117 silly currentTree ├── path-to-regexp@0.1.7
117 silly currentTree ├── proxy-addr@1.1.4
117 silly currentTree ├── qs@6.4.0
117 silly currentTree ├── range-parser@1.2.0
117 silly currentTree ├── serve-static@1.12.1
117 silly currentTree ├── setprototypeof@1.0.3
117 silly currentTree ├── statuses@1.3.1
117 silly currentTree ├── type-is@1.6.15
117 silly currentTree ├── unpipe@1.0.0
117 silly currentTree ├── utils-merge@1.0.0
117 silly currentTree └── vary@1.1.1
118 silly idealTree node-js-getting-started@0.2.6
118 silly idealTree ├── accepts@1.3.3
118 silly idealTree ├── array-flatten@1.1.1
118 silly idealTree ├── content-disposition@0.5.2
118 silly idealTree ├── content-type@1.0.2
118 silly idealTree ├── cookie-signature@1.0.6
118 silly idealTree ├── cookie@0.3.1
118 silly idealTree ├── debug@2.6.1
118 silly idealTree ├── depd@1.1.0
118 silly idealTree ├── destroy@1.0.4
118 silly idealTree ├── ee-first@1.1.1
118 silly idealTree ├── encodeurl@1.0.1
118 silly idealTree ├── escape-html@1.0.3
118 silly idealTree ├── etag@1.8.0
118 silly idealTree ├── express@4.15.2
118 silly idealTree ├─┬ finalhandler@1.0.1
118 silly idealTree │ └── debug@2.6.3
118 silly idealTree ├── forwarded@0.1.0
118 silly idealTree ├── fresh@0.5.0
118 silly idealTree ├── http-errors@1.6.1
118 silly idealTree ├── inherits@2.0.3
118 silly idealTree ├── ipaddr.js@1.3.0
118 silly idealTree ├── media-typer@0.3.0
118 silly idealTree ├── merge-descriptors@1.0.1
118 silly idealTree ├── methods@1.1.2
118 silly idealTree ├── mime-db@1.27.0
118 silly idealTree ├── mime-types@2.1.15
118 silly idealTree ├── mime@1.3.4
118 silly idealTree ├── ms@0.7.2
118 silly idealTree ├── negotiator@0.6.1
118 silly idealTree ├── on-finished@2.3.0
118 silly idealTree ├── parseurl@1.3.1
118 silly idealTree ├── path-to-regexp@0.1.7
118 silly idealTree ├── proxy-addr@1.1.4
118 silly idealTree ├── qs@6.4.0
118 silly idealTree ├── range-parser@1.2.0
118 silly idealTree ├── send@0.15.1
118 silly idealTree ├── serve-static@1.12.1
118 silly idealTree ├── setprototypeof@1.0.3
118 silly idealTree ├── statuses@1.3.1
118 silly idealTree ├── type-is@1.6.15
118 silly idealTree ├── unpipe@1.0.0
118 silly idealTree ├── utils-merge@1.0.0
118 silly idealTree └── vary@1.1.1
119 silly generateActionsToTake Starting
120 silly install generateActionsToTake
121 silly generateActionsToTake Finishing
122 silly diffTrees action count 3
123 silly diffTrees add mime@1.3.4
124 silly diffTrees add send@0.15.1
125 silly diffTrees add express@4.15.2
126 silly decomposeActions action count 24
127 silly decomposeActions fetch mime@1.3.4
128 silly decomposeActions extract mime@1.3.4
129 silly decomposeActions test mime@1.3.4
130 silly decomposeActions preinstall mime@1.3.4
131 silly decomposeActions build mime@1.3.4
132 silly decomposeActions install mime@1.3.4
133 silly decomposeActions postinstall mime@1.3.4
134 silly decomposeActions finalize mime@1.3.4
135 silly decomposeActions fetch send@0.15.1
136 silly decomposeActions extract send@0.15.1
137 silly decomposeActions test send@0.15.1
138 silly decomposeActions preinstall send@0.15.1
139 silly decomposeActions build send@0.15.1
140 silly decomposeActions install send@0.15.1
141 silly decomposeActions postinstall send@0.15.1
142 silly decomposeActions finalize send@0.15.1
143 silly decomposeActions fetch express@4.15.2
144 silly decomposeActions extract express@4.15.2
145 silly decomposeActions test express@4.15.2
146 silly decomposeActions preinstall express@4.15.2
147 silly decomposeActions build express@4.15.2
148 silly decomposeActions install express@4.15.2
149 silly decomposeActions postinstall express@4.15.2
150 silly decomposeActions finalize express@4.15.2
151 silly executeActions Starting
152 silly install executeActions
153 silly doSerial global-install 0
154 silly doParallel fetch 3
155 verbose lock using /home/sg/.npm/_locks/staging-1ec35934ca39adab.lock for /media/sg/SG-HD/Clouds/Mega/01-Programacion/01-App/VC/node_modules/.staging
156 silly doParallel extract 3
157 silly extract mime@1.3.4
158 silly extract send@0.15.1
159 silly extract express@4.15.2
160 verbose unbuild node_modules/.staging/send-a4878f85
161 verbose unbuild node_modules/.staging/express-45f24eed
162 verbose unbuild node_modules/.staging/mime-1e4b238d
163 silly gentlyRm /media/sg/SG-HD/Clouds/Mega/01-Programacion/01-App/VC/node_modules/.staging/send-a4878f85 is being purged from base /media/sg/SG-HD/Clouds/Mega/01-Programacion/01-App/VC
164 verbose gentlyRm don't care about contents; nuking /media/sg/SG-HD/Clouds/Mega/01-Programacion/01-App/VC/node_modules/.staging/send-a4878f85
165 silly gentlyRm /media/sg/SG-HD/Clouds/Mega/01-Programacion/01-App/VC/node_modules/.staging/express-45f24eed is being purged from base /media/sg/SG-HD/Clouds/Mega/01-Programacion/01-App/VC
166 verbose gentlyRm don't care about contents; nuking /media/sg/SG-HD/Clouds/Mega/01-Programacion/01-App/VC/node_modules/.staging/express-45f24eed
167 silly gentlyRm /media/sg/SG-HD/Clouds/Mega/01-Programacion/01-App/VC/node_modules/.staging/mime-1e4b238d is being purged from base /media/sg/SG-HD/Clouds/Mega/01-Programacion/01-App/VC
168 verbose gentlyRm don't care about contents; nuking /media/sg/SG-HD/Clouds/Mega/01-Programacion/01-App/VC/node_modules/.staging/mime-1e4b238d
169 verbose tar unpack /home/sg/.npm/send/0.15.1/package.tgz
170 verbose tar unpacking to /media/sg/SG-HD/Clouds/Mega/01-Programacion/01-App/VC/node_modules/.staging/send-a4878f85
171 silly gentlyRm /media/sg/SG-HD/Clouds/Mega/01-Programacion/01-App/VC/node_modules/.staging/send-a4878f85 is being purged
172 verbose gentlyRm don't care about contents; nuking /media/sg/SG-HD/Clouds/Mega/01-Programacion/01-App/VC/node_modules/.staging/send-a4878f85
173 verbose tar unpack /home/sg/.npm/express/4.15.2/package.tgz
174 verbose tar unpacking to /media/sg/SG-HD/Clouds/Mega/01-Programacion/01-App/VC/node_modules/.staging/express-45f24eed
175 silly gentlyRm /media/sg/SG-HD/Clouds/Mega/01-Programacion/01-App/VC/node_modules/.staging/express-45f24eed is being purged
176 verbose gentlyRm don't care about contents; nuking /media/sg/SG-HD/Clouds/Mega/01-Programacion/01-App/VC/node_modules/.staging/express-45f24eed
177 verbose tar unpack /home/sg/.npm/mime/1.3.4/package.tgz
178 verbose tar unpacking to /media/sg/SG-HD/Clouds/Mega/01-Programacion/01-App/VC/node_modules/.staging/mime-1e4b238d
179 silly gentlyRm /media/sg/SG-HD/Clouds/Mega/01-Programacion/01-App/VC/node_modules/.staging/mime-1e4b238d is being purged
180 verbose gentlyRm don't care about contents; nuking /media/sg/SG-HD/Clouds/Mega/01-Programacion/01-App/VC/node_modules/.staging/mime-1e4b238d
181 silly gunzTarPerm modes [ '775', '664' ]
182 silly gunzTarPerm modes [ '775', '664' ]
183 silly gunzTarPerm modes [ '775', '664' ]
184 silly gunzTarPerm extractEntry package.json
185 silly gunzTarPerm modified mode [ 'package.json', 438, 436 ]
186 silly gunzTarPerm extractEntry package.json
187 silly gunzTarPerm modified mode [ 'package.json', 438, 436 ]
188 silly gunzTarPerm extractEntry package.json
189 silly gunzTarPerm modified mode [ 'package.json', 420, 436 ]
190 silly gunzTarPerm extractEntry README.md
191 silly gunzTarPerm modified mode [ 'README.md', 438, 436 ]
192 silly gunzTarPerm extractEntry LICENSE
193 silly gunzTarPerm modified mode [ 'LICENSE', 438, 436 ]
194 silly gunzTarPerm extractEntry LICENSE
195 silly gunzTarPerm modified mode [ 'LICENSE', 438, 436 ]
196 silly gunzTarPerm extractEntry index.js
197 silly gunzTarPerm modified mode [ 'index.js', 438, 436 ]
198 silly gunzTarPerm extractEntry .npmignore
199 silly gunzTarPerm modified mode [ '.npmignore', 420, 436 ]
200 silly gunzTarPerm extractEntry README.md
201 silly gunzTarPerm modified mode [ 'README.md', 420, 436 ]
202 silly gunzTarPerm extractEntry index.js
203 silly gunzTarPerm modified mode [ 'index.js', 438, 436 ]
204 silly gunzTarPerm extractEntry HISTORY.md
205 silly gunzTarPerm modified mode [ 'HISTORY.md', 438, 436 ]
206 silly gunzTarPerm extractEntry LICENSE
207 silly gunzTarPerm modified mode [ 'LICENSE', 420, 436 ]
208 silly gunzTarPerm extractEntry cli.js
209 silly gunzTarPerm modified mode [ 'cli.js', 420, 436 ]
210 silly gunzTarPerm extractEntry History.md
211 silly gunzTarPerm modified mode [ 'History.md', 438, 436 ]
212 silly gunzTarPerm extractEntry Readme.md
213 silly gunzTarPerm modified mode [ 'Readme.md', 438, 436 ]
214 silly gunzTarPerm extractEntry lib/application.js
215 silly gunzTarPerm modified mode [ 'lib/application.js', 438, 436 ]
216 silly gunzTarPerm extractEntry lib/express.js
217 silly gunzTarPerm modified mode [ 'lib/express.js', 438, 436 ]
218 silly gunzTarPerm extractEntry lib/request.js
219 silly gunzTarPerm modified mode [ 'lib/request.js', 438, 436 ]
220 silly gunzTarPerm extractEntry lib/response.js
221 silly gunzTarPerm modified mode [ 'lib/response.js', 438, 436 ]
222 silly gunzTarPerm extractEntry lib/utils.js
223 silly gunzTarPerm modified mode [ 'lib/utils.js', 438, 436 ]
224 silly gunzTarPerm extractEntry lib/view.js
225 silly gunzTarPerm modified mode [ 'lib/view.js', 438, 436 ]
226 silly gunzTarPerm extractEntry lib/middleware/init.js
227 silly gunzTarPerm modified mode [ 'lib/middleware/init.js', 438, 436 ]
228 silly gunzTarPerm extractEntry lib/middleware/query.js
229 silly gunzTarPerm modified mode [ 'lib/middleware/query.js', 438, 436 ]
230 silly gunzTarPerm extractEntry lib/router/index.js
231 silly gunzTarPerm modified mode [ 'lib/router/index.js', 438, 436 ]
232 silly gunzTarPerm extractEntry lib/router/layer.js
233 silly gunzTarPerm modified mode [ 'lib/router/layer.js', 438, 436 ]
234 silly gunzTarPerm extractEntry lib/router/route.js
235 silly gunzTarPerm modified mode [ 'lib/router/route.js', 438, 436 ]
236 silly gunzTarPerm extractEntry mime.js
237 silly gunzTarPerm modified mode [ 'mime.js', 420, 436 ]
238 silly gunzTarPerm extractEntry build/build.js
239 silly gunzTarPerm modified mode [ 'build/build.js', 420, 436 ]
240 silly gunzTarPerm extractEntry build/test.js
241 silly gunzTarPerm modified mode [ 'build/test.js', 420, 436 ]
242 silly gunzTarPerm extractEntry types.json
243 silly gunzTarPerm modified mode [ 'types.json', 420, 436 ]
244 silly gentlyRm /media/sg/SG-HD/Clouds/Mega/01-Programacion/01-App/VC/node_modules/.staging/send-a4878f85/node_modules is being purged
245 verbose gentlyRm don't care about contents; nuking /media/sg/SG-HD/Clouds/Mega/01-Programacion/01-App/VC/node_modules/.staging/send-a4878f85/node_modules
246 silly gentlyRm /media/sg/SG-HD/Clouds/Mega/01-Programacion/01-App/VC/node_modules/.staging/mime-1e4b238d/node_modules is being purged
247 verbose gentlyRm don't care about contents; nuking /media/sg/SG-HD/Clouds/Mega/01-Programacion/01-App/VC/node_modules/.staging/mime-1e4b238d/node_modules
248 silly gentlyRm /media/sg/SG-HD/Clouds/Mega/01-Programacion/01-App/VC/node_modules/.staging/express-45f24eed/node_modules is being purged
249 verbose gentlyRm don't care about contents; nuking /media/sg/SG-HD/Clouds/Mega/01-Programacion/01-App/VC/node_modules/.staging/express-45f24eed/node_modules
250 silly doParallel preinstall 3
251 silly preinstall mime@1.3.4 /media/sg/SG-HD/Clouds/Mega/01-Programacion/01-App/VC/node_modules/.staging/mime-1e4b238d
252 info lifecycle mime@1.3.4~preinstall: mime@1.3.4
253 silly preinstall send@0.15.1 /media/sg/SG-HD/Clouds/Mega/01-Programacion/01-App/VC/node_modules/.staging/send-a4878f85
254 info lifecycle send@0.15.1~preinstall: send@0.15.1
255 silly preinstall express@4.15.2 /media/sg/SG-HD/Clouds/Mega/01-Programacion/01-App/VC/node_modules/.staging/express-45f24eed
256 info lifecycle express@4.15.2~preinstall: express@4.15.2
257 silly lifecycle mime@1.3.4~preinstall: no script for preinstall, continuing
258 silly lifecycle send@0.15.1~preinstall: no script for preinstall, continuing
259 silly lifecycle express@4.15.2~preinstall: no script for preinstall, continuing
260 silly doReverseSerial remove 0
261 silly doSerial move 0
262 silly doSerial finalize 3
263 silly finalize /media/sg/SG-HD/Clouds/Mega/01-Programacion/01-App/VC/node_modules/mime
264 silly finalize /media/sg/SG-HD/Clouds/Mega/01-Programacion/01-App/VC/node_modules/send
265 silly finalize /media/sg/SG-HD/Clouds/Mega/01-Programacion/01-App/VC/node_modules/express
266 silly doSerial build 3
267 silly build mime@1.3.4
268 info linkStuff mime@1.3.4
269 silly linkStuff mime@1.3.4 has /media/sg/SG-HD/Clouds/Mega/01-Programacion/01-App/VC/node_modules as its parent node_modules
270 verbose linkBins mime@1.3.4
271 verbose link bins [ { mime: 'cli.js' },
271 verbose link bins   '/media/sg/SG-HD/Clouds/Mega/01-Programacion/01-App/VC/node_modules/.bin',
271 verbose link bins   false ]
272 verbose linkMans mime@1.3.4
273 silly gentlyRm /media/sg/SG-HD/Clouds/Mega/01-Programacion/01-App/VC/node_modules/.bin/mime is being purged
274 verbose gentlyRm don't care about contents; nuking /media/sg/SG-HD/Clouds/Mega/01-Programacion/01-App/VC/node_modules/.bin/mime
275 verbose unlock done using /home/sg/.npm/_locks/staging-1ec35934ca39adab.lock for /media/sg/SG-HD/Clouds/Mega/01-Programacion/01-App/VC/node_modules/.staging
276 silly rollbackFailedOptional Starting
277 silly rollbackFailedOptional Finishing
278 silly runTopLevelLifecycles Starting
279 silly runTopLevelLifecycles Finishing
280 silly install printInstalled
281 verbose stack Error: ENOSYS: function not implemented, symlink '../mime/cli.js' -> '/media/sg/SG-HD/Clouds/Mega/01-Programacion/01-App/VC/node_modules/.bin/mime'
281 verbose stack     at Error (native)
282 verbose cwd /media/sg/SG-HD/Clouds/Mega/01-Programacion/01-App/VC
283 error Linux 4.4.0-72-generic
284 error argv "/usr/bin/nodejs" "/usr/bin/npm" "i" "--save" "express"
285 error node v4.2.6
286 error npm  v3.5.2
287 error path ../mime/cli.js
288 error code ENOSYS
289 error errno -38
290 error syscall symlink
291 error ENOSYS: function not implemented, symlink '../mime/cli.js' -> '/media/sg/SG-HD/Clouds/Mega/01-Programacion/01-App/VC/node_modules/.bin/mime'
292 error If you need help, you may report this error at:
292 error     <https://github.com/npm/npm/issues>
293 verbose exit [ -38, true ]
